2025-09-23 14:42:19,786 [Worker-3: Loading available Gradle versions] INFO  o.e.b.c.i.u.g.PublishedGradleVersions - Gradle version information cache is not available. Remote download required.
2025-09-23 14:42:49,906 [Worker-0: Loading available Gradle versions] INFO  o.e.b.c.i.u.g.PublishedGradleVersions - Gradle version information cache is up-to-date. Trying to read.
2025-09-23 14:43:18,274 [Worker-4: Importing Maven projects] INFO  o.e.m.c.i.l.LifecycleMappingFactory - Using org.eclipse.m2e.jdt.JarLifecycleMapping lifecycle mapping for MavenProject: com.devsuperior:movieflix:0.0.1-SNAPSHOT @ C:\Codes\SpringToolsSuite\Java-Spring-Expert\Extra-QAProof\movieflix-challenge\pom.xml.
2025-09-23 14:43:21,815 [Worker-4: Importing Maven projects] WARN  o.a.m.l.i.DefaultMojoExecutionConfigurator - [1;33mParameter '[0;1;33mpropertiesEncoding[0;1;33m' is unknown for plugin '[0;1;33mmaven-resources-plugin[0;1;33m:[0;1;33m3.1.0[0;1;33m:[0;1;33mresources[0;1;33m ([0;1;33mdefault-resources[0;1;33m)[0;1;33m'[m
2025-09-23 14:43:21,831 [Worker-4: Importing Maven projects] WARN  o.a.m.l.i.DefaultMojoExecutionConfigurator - [1;33mParameter '[0;1;33mpropertiesEncoding[0;1;33m' is unknown for plugin '[0;1;33mmaven-resources-plugin[0;1;33m:[0;1;33m3.1.0[0;1;33m:[0;1;33mtestResources[0;1;33m ([0;1;33mdefault-testResources[0;1;33m)[0;1;33m'[m
2025-09-23 14:43:24,939 [Worker-4: Importing Maven projects] INFO  o.e.m.j.i.AbstractJavaProjectConfigurator - Adding source folder /movieflix-challenge/src/main/java
2025-09-23 14:43:24,942 [Worker-4: Importing Maven projects] INFO  o.e.m.j.i.AbstractJavaProjectConfigurator - Adding resource folder /movieflix-challenge/src/main/resources
2025-09-23 14:43:24,943 [Worker-4: Importing Maven projects] INFO  o.e.m.j.i.AbstractJavaProjectConfigurator - Adding resource folder /movieflix-challenge/src/main/resources
2025-09-23 14:43:24,944 [Worker-4: Importing Maven projects] INFO  o.e.m.j.i.AbstractJavaProjectConfigurator - Adding source folder /movieflix-challenge/src/test/java
2025-09-23 14:43:24,945 [Worker-4: Importing Maven projects] INFO  o.e.m.j.i.AbstractJavaProjectConfigurator - Adding resource folder /movieflix-challenge/src/test/resources
2025-09-23 14:43:25,373 [Worker-4: Importing Maven projects] INFO  o.e.m.c.i.p.ProjectConfigurationManager - Imported and configured 1 project(s) in 12 sec
2025-09-23 14:43:29,022 [main] INFO  o.e.m.jdt.internal.UnitTestSupport - Updating java from maven configuration
2025-09-23 14:43:29,960 [Worker-4: Building] WARN  o.a.m.l.i.DefaultMojoExecutionConfigurator - [1;33mParameter '[0;1;33mpropertiesEncoding[0;1;33m' is unknown for plugin '[0;1;33mmaven-resources-plugin[0;1;33m:[0;1;33m3.1.0[0;1;33m:[0;1;33mresources[0;1;33m ([0;1;33mdefault-resources[0;1;33m)[0;1;33m'[m
2025-09-23 14:43:30,248 [Worker-4: Building] INFO  o.e.m.c.i.embedder.EclipseLogger - Using 'UTF-8' encoding to copy filtered resources.
2025-09-23 14:43:30,253 [Worker-4: Building] INFO  o.e.m.c.i.embedder.EclipseLogger - Copying 2 resources
2025-09-23 14:43:30,308 [Worker-4: Building] INFO  o.e.m.c.i.embedder.EclipseLogger - Copying 2 resources
2025-09-23 14:43:30,339 [Worker-4: Building] WARN  o.a.m.l.i.DefaultMojoExecutionConfigurator - [1;33mParameter '[0;1;33mpropertiesEncoding[0;1;33m' is unknown for plugin '[0;1;33mmaven-resources-plugin[0;1;33m:[0;1;33m3.1.0[0;1;33m:[0;1;33mtestResources[0;1;33m ([0;1;33mdefault-testResources[0;1;33m)[0;1;33m'[m
2025-09-23 14:43:30,343 [Worker-4: Building] INFO  o.e.m.c.i.embedder.EclipseLogger - Using 'UTF-8' encoding to copy filtered resources.
2025-09-23 14:43:30,343 [Worker-4: Building] INFO  o.e.m.c.i.embedder.EclipseLogger - skip non existing resourceDirectory C:\Codes\SpringToolsSuite\Java-Spring-Expert\Extra-QAProof\movieflix-challenge\src\test\resources
2025-09-23 14:43:30,347 [Worker-4: Building] WARN  o.a.m.l.i.DefaultMojoExecutionConfigurator - [1;33mParameter '[0;1;33mpropertiesEncoding[0;1;33m' is unknown for plugin '[0;1;33mmaven-resources-plugin[0;1;33m:[0;1;33m3.1.0[0;1;33m:[0;1;33mresources[0;1;33m ([0;1;33mdefault-resources[0;1;33m)[0;1;33m'[m
2025-09-23 14:43:30,348 [Worker-4: Building] WARN  o.a.m.l.i.DefaultMojoExecutionConfigurator - [1;33mParameter '[0;1;33mpropertiesEncoding[0;1;33m' is unknown for plugin '[0;1;33mmaven-resources-plugin[0;1;33m:[0;1;33m3.1.0[0;1;33m:[0;1;33mtestResources[0;1;33m ([0;1;33mdefault-testResources[0;1;33m)[0;1;33m'[m
2025-09-23 14:55:01,758 [Worker-0: Loading available Gradle versions] INFO  o.e.b.c.i.u.g.PublishedGradleVersions - Gradle version information cache is up-to-date. Trying to read.
2025-09-23 14:55:07,735 [Worker-8: Building] WARN  o.a.m.l.i.DefaultMojoExecutionConfigurator - [1;33mParameter '[0;1;33mpropertiesEncoding[0;1;33m' is unknown for plugin '[0;1;33mmaven-resources-plugin[0;1;33m:[0;1;33m3.1.0[0;1;33m:[0;1;33mresources[0;1;33m ([0;1;33mdefault-resources[0;1;33m)[0;1;33m'[m
2025-09-23 14:55:07,761 [Worker-8: Building] WARN  o.a.m.l.i.DefaultMojoExecutionConfigurator - [1;33mParameter '[0;1;33mpropertiesEncoding[0;1;33m' is unknown for plugin '[0;1;33mmaven-resources-plugin[0;1;33m:[0;1;33m3.1.0[0;1;33m:[0;1;33mtestResources[0;1;33m ([0;1;33mdefault-testResources[0;1;33m)[0;1;33m'[m
2025-09-23 15:10:00,336 [main] INFO  o.e.m.jdt.internal.UnitTestSupport - Updating MovieControllerIT from maven configuration
2025-09-23 15:35:36,957 [main] INFO  o.e.m.jdt.internal.UnitTestSupport - Updating ReviewResourceIT from maven configuration
2025-09-23 16:04:30,607 [main] INFO  o.e.m.jdt.internal.UnitTestSupport - Updating GenreControllerIT from maven configuration
2025-09-23 19:30:32,321 [Worker-0: Loading available Gradle versions] INFO  o.e.b.c.i.u.g.PublishedGradleVersions - Gradle version information cache is up-to-date. Trying to read.
2025-09-23 19:30:38,251 [Worker-4: Building] WARN  o.a.m.l.i.DefaultMojoExecutionConfigurator - [1;33mParameter '[0;1;33mpropertiesEncoding[0;1;33m' is unknown for plugin '[0;1;33mmaven-resources-plugin[0;1;33m:[0;1;33m3.1.0[0;1;33m:[0;1;33mresources[0;1;33m ([0;1;33mdefault-resources[0;1;33m)[0;1;33m'[m
2025-09-23 19:30:38,285 [Worker-4: Building] WARN  o.a.m.l.i.DefaultMojoExecutionConfigurator - [1;33mParameter '[0;1;33mpropertiesEncoding[0;1;33m' is unknown for plugin '[0;1;33mmaven-resources-plugin[0;1;33m:[0;1;33m3.1.0[0;1;33m:[0;1;33mtestResources[0;1;33m ([0;1;33mdefault-testResources[0;1;33m)[0;1;33m'[m
2025-09-23 19:30:38,318 [Worker-4: Building] WARN  o.a.m.l.i.DefaultMojoExecutionConfigurator - [1;33mParameter '[0;1;33mpropertiesEncoding[0;1;33m' is unknown for plugin '[0;1;33mmaven-resources-plugin[0;1;33m:[0;1;33m3.1.0[0;1;33m:[0;1;33mresources[0;1;33m ([0;1;33mdefault-resources[0;1;33m)[0;1;33m'[m
2025-09-23 19:30:38,630 [Worker-4: Building] INFO  o.e.m.c.i.embedder.EclipseLogger - Using 'UTF-8' encoding to copy filtered resources.
2025-09-23 19:30:38,633 [Worker-4: Building] INFO  o.e.m.c.i.embedder.EclipseLogger - Copying 2 resources
2025-09-23 19:30:38,646 [Worker-4: Building] INFO  o.e.m.c.i.embedder.EclipseLogger - Copying 2 resources
2025-09-23 19:30:38,653 [Worker-4: Building] WARN  o.a.m.l.i.DefaultMojoExecutionConfigurator - [1;33mParameter '[0;1;33mpropertiesEncoding[0;1;33m' is unknown for plugin '[0;1;33mmaven-resources-plugin[0;1;33m:[0;1;33m3.1.0[0;1;33m:[0;1;33mtestResources[0;1;33m ([0;1;33mdefault-testResources[0;1;33m)[0;1;33m'[m
2025-09-23 19:30:38,656 [Worker-4: Building] INFO  o.e.m.c.i.embedder.EclipseLogger - Using 'UTF-8' encoding to copy filtered resources.
2025-09-23 19:30:38,656 [Worker-4: Building] INFO  o.e.m.c.i.embedder.EclipseLogger - skip non existing resourceDirectory C:\Codes\SpringToolsSuite\Java-Spring-Expert\Extra-QAProof\movieflix-challenge\src\test\resources
2025-09-23 19:30:38,672 [Worker-4: Building] WARN  o.a.m.l.i.DefaultMojoExecutionConfigurator - [1;33mParameter '[0;1;33mpropertiesEncoding[0;1;33m' is unknown for plugin '[0;1;33mmaven-resources-plugin[0;1;33m:[0;1;33m3.1.0[0;1;33m:[0;1;33mresources[0;1;33m ([0;1;33mdefault-resources[0;1;33m)[0;1;33m'[m
2025-09-23 19:30:38,675 [Worker-4: Building] WARN  o.a.m.l.i.DefaultMojoExecutionConfigurator - [1;33mParameter '[0;1;33mpropertiesEncoding[0;1;33m' is unknown for plugin '[0;1;33mmaven-resources-plugin[0;1;33m:[0;1;33m3.1.0[0;1;33m:[0;1;33mtestResources[0;1;33m ([0;1;33mdefault-testResources[0;1;33m)[0;1;33m'[m
2025-09-23 19:30:53,605 [Worker-6: Importing Maven projects] INFO  o.e.m.c.i.l.LifecycleMappingFactory - Using org.eclipse.m2e.jdt.JarLifecycleMapping lifecycle mapping for MavenProject: com.devsuperior:dsmovie:0.0.1-SNAPSHOT @ C:\Codes\SpringToolsSuite\Java-Spring-Expert\Extra-QAProof\challenge-dsmovie-jacoco\pom.xml.
2025-09-23 19:30:54,624 [Worker-6: Importing Maven projects] WARN  o.a.m.l.i.DefaultMojoExecutionConfigurator - [1;33mParameter '[0;1;33mpropertiesEncoding[0;1;33m' is unknown for plugin '[0;1;33mmaven-resources-plugin[0;1;33m:[0;1;33m3.1.0[0;1;33m:[0;1;33mresources[0;1;33m ([0;1;33mdefault-resources[0;1;33m)[0;1;33m'[m
2025-09-23 19:30:54,635 [Worker-6: Importing Maven projects] WARN  o.a.m.l.i.DefaultMojoExecutionConfigurator - [1;33mParameter '[0;1;33mpropertiesEncoding[0;1;33m' is unknown for plugin '[0;1;33mmaven-resources-plugin[0;1;33m:[0;1;33m3.1.0[0;1;33m:[0;1;33mtestResources[0;1;33m ([0;1;33mdefault-testResources[0;1;33m)[0;1;33m'[m
2025-09-23 19:30:54,953 [Worker-6: Importing Maven projects] INFO  o.e.m.j.i.AbstractJavaProjectConfigurator - Adding source folder /challenge-dsmovie-jacoco/src/main/java
2025-09-23 19:30:54,955 [Worker-6: Importing Maven projects] INFO  o.e.m.j.i.AbstractJavaProjectConfigurator - Adding resource folder /challenge-dsmovie-jacoco/src/main/resources
2025-09-23 19:30:54,956 [Worker-6: Importing Maven projects] INFO  o.e.m.j.i.AbstractJavaProjectConfigurator - Adding resource folder /challenge-dsmovie-jacoco/src/main/resources
2025-09-23 19:30:54,957 [Worker-6: Importing Maven projects] INFO  o.e.m.j.i.AbstractJavaProjectConfigurator - Adding source folder /challenge-dsmovie-jacoco/src/test/java
2025-09-23 19:30:54,958 [Worker-6: Importing Maven projects] INFO  o.e.m.j.i.AbstractJavaProjectConfigurator - Adding resource folder /challenge-dsmovie-jacoco/src/test/resources
2025-09-23 19:30:55,343 [Worker-6: Importing Maven projects] INFO  o.e.m.c.i.p.ProjectConfigurationManager - Imported and configured 1 project(s) in 3 sec
2025-09-23 19:30:58,433 [Worker-1: Building] WARN  o.a.m.l.i.DefaultMojoExecutionConfigurator - [1;33mParameter '[0;1;33mpropertiesEncoding[0;1;33m' is unknown for plugin '[0;1;33mmaven-resources-plugin[0;1;33m:[0;1;33m3.1.0[0;1;33m:[0;1;33mresources[0;1;33m ([0;1;33mdefault-resources[0;1;33m)[0;1;33m'[m
2025-09-23 19:30:58,753 [Worker-1: Building] INFO  o.e.m.c.i.embedder.EclipseLogger - Using 'UTF-8' encoding to copy filtered resources.
2025-09-23 19:30:58,755 [Worker-1: Building] INFO  o.e.m.c.i.embedder.EclipseLogger - Copying 2 resources
2025-09-23 19:30:58,795 [Worker-1: Building] INFO  o.e.m.c.i.embedder.EclipseLogger - Copying 2 resources
2025-09-23 19:30:58,832 [Worker-1: Building] WARN  o.a.m.l.i.DefaultMojoExecutionConfigurator - [1;33mParameter '[0;1;33mpropertiesEncoding[0;1;33m' is unknown for plugin '[0;1;33mmaven-resources-plugin[0;1;33m:[0;1;33m3.1.0[0;1;33m:[0;1;33mtestResources[0;1;33m ([0;1;33mdefault-testResources[0;1;33m)[0;1;33m'[m
2025-09-23 19:30:58,836 [Worker-1: Building] INFO  o.e.m.c.i.embedder.EclipseLogger - Using 'UTF-8' encoding to copy filtered resources.
2025-09-23 19:30:58,836 [Worker-1: Building] INFO  o.e.m.c.i.embedder.EclipseLogger - skip non existing resourceDirectory C:\Codes\SpringToolsSuite\Java-Spring-Expert\Extra-QAProof\challenge-dsmovie-jacoco\src\test\resources
2025-09-23 19:30:58,839 [Worker-1: Building] WARN  o.a.m.l.i.DefaultMojoExecutionConfigurator - [1;33mParameter '[0;1;33mpropertiesEncoding[0;1;33m' is unknown for plugin '[0;1;33mmaven-resources-plugin[0;1;33m:[0;1;33m3.1.0[0;1;33m:[0;1;33mresources[0;1;33m ([0;1;33mdefault-resources[0;1;33m)[0;1;33m'[m
2025-09-23 19:30:58,840 [Worker-1: Building] WARN  o.a.m.l.i.DefaultMojoExecutionConfigurator - [1;33mParameter '[0;1;33mpropertiesEncoding[0;1;33m' is unknown for plugin '[0;1;33mmaven-resources-plugin[0;1;33m:[0;1;33m3.1.0[0;1;33m:[0;1;33mtestResources[0;1;33m ([0;1;33mdefault-testResources[0;1;33m)[0;1;33m'[m
